<?xml version="1.0" encoding="UTF-8"?>
<!-- Generated by org.testng.reporters.JUnitReportReporter -->
<testsuite hostname="Savvy" failures="0" tests="5" name="testCases.TC_003_LoginDDT" time="22.277" errors="0" timestamp="2025-01-26T22:40:35 IST" skipped="0">
  <testcase classname="testCases.TC_003_LoginDDT" name="verify_loginDDT" time="11.758"/>
  <testcase classname="testCases.TC_003_LoginDDT" name="verify_loginDDT" time="2.140"/>
  <testcase classname="testCases.TC_003_LoginDDT" name="verify_loginDDT" time="2.495"/>
  <testcase classname="testCases.TC_003_LoginDDT" name="verify_loginDDT" time="2.019"/>
  <testcase classname="testCases.TC_003_LoginDDT" name="verify_loginDDT" time="3.865"/>
</testsuite> <!-- testCases.TC_003_LoginDDT -->
