<?xml version="1.0" encoding="UTF-8"?>
<!-- Generated by org.testng.reporters.JUnitReportReporter -->
<testsuite hostname="Savvy" failures="0" tests="1" name="testCases.TC_001_AccountRegistration_BulkTest" time="25.031" errors="0" timestamp="2025-01-26T22:40:35 IST" skipped="0">
  <testcase classname="testCases.TC_001_AccountRegistration_BulkTest" name="verify_account_registration" time="25.031"/>
</testsuite> <!-- testCases.TC_001_AccountRegistration_BulkTest -->
